build/app/intermediates/manifest_merge_blame_file/release/manifest-merger-blame-release-report.txt
1<?xml version="1.0" encoding="utf-8"?>
2<manifest xmlns:android="http://schemas.android.com/apk/res/android"
3    package="com.gammastudio.musicapp"
4    android:versionCode="1"
5    android:versionName="1.0.0" >
6
7    <uses-sdk
8        android:minSdkVersion="16"
8-->src/main/AndroidManifest.xml
9        android:targetSdkVersion="31" />
9-->src/main/AndroidManifest.xml
10
11    <uses-permission android:name="android.permission.READ_EXTERNAL_STORAGE" />
11-->src/main/AndroidManifest.xml:3:5-79
11-->src/main/AndroidManifest.xml:3:22-77
12    <uses-permission android:name="android.permission.WRITE_EXTERNAL_STORAGE" />
12-->src/main/AndroidManifest.xml:4:5-80
12-->src/main/AndroidManifest.xml:4:22-78
13    <uses-permission android:name="android.permission.READ_INTERNAL_STORAGE" />
13-->src/main/AndroidManifest.xml:5:5-79
13-->src/main/AndroidManifest.xml:5:22-77
14    <uses-permission android:name="android.permission.WRITE_INTERNAL_STORAGE" />
14-->src/main/AndroidManifest.xml:6:5-80
14-->src/main/AndroidManifest.xml:6:22-78
15    <uses-permission android:name="android.permission.ACCESS_NETWORK_STATE" />
15-->[com.google.android.exoplayer:exoplayer-core:2.17.1] AndroidManifest.xml:24:5-79
15-->[com.google.android.exoplayer:exoplayer-core:2.17.1] AndroidManifest.xml:24:22-76
16
17    <queries>
17-->[androidx.media2:media2-session:1.2.0] AndroidManifest.xml:24:5-34:15
18        <intent>
18-->[androidx.media2:media2-session:1.2.0] AndroidManifest.xml:25:9-27:18
19            <action android:name="android.media.browse.MediaBrowserService" />
19-->[androidx.media2:media2-session:1.2.0] AndroidManifest.xml:26:13-79
19-->[androidx.media2:media2-session:1.2.0] AndroidManifest.xml:26:21-76
20        </intent>
21        <intent>
21-->[androidx.media2:media2-session:1.2.0] AndroidManifest.xml:28:9-30:18
22            <action android:name="androidx.media2.session.MediaSessionService" />
22-->[androidx.media2:media2-session:1.2.0] AndroidManifest.xml:29:13-82
22-->[androidx.media2:media2-session:1.2.0] AndroidManifest.xml:29:21-79
23        </intent>
24        <intent>
24-->[androidx.media2:media2-session:1.2.0] AndroidManifest.xml:31:9-33:18
25            <action android:name="androidx.media2.session.MediaLibraryService" />
25-->[androidx.media2:media2-session:1.2.0] AndroidManifest.xml:32:13-82
25-->[androidx.media2:media2-session:1.2.0] AndroidManifest.xml:32:21-79
26        </intent>
27    </queries>
28
29    <application
30        android:name="android.app.Application"
30-->src/main/AndroidManifest.xml:9:9-42
31        android:appComponentFactory="androidx.core.app.CoreComponentFactory"
31-->[androidx.core:core:1.7.0] AndroidManifest.xml:24:18-86
32        android:icon="@mipmap/ic_launcher"
32-->src/main/AndroidManifest.xml:10:9-43
33        android:label="musicapp" >
33-->src/main/AndroidManifest.xml:8:9-33
34        <activity
34-->src/main/AndroidManifest.xml:11:9-31:20
35            android:name="com.gammastudio.musicapp.MainActivity"
35-->src/main/AndroidManifest.xml:12:13-41
36            android:configChanges="orientation|keyboardHidden|keyboard|screenSize|smallestScreenSize|locale|layoutDirection|fontScale|screenLayout|density|uiMode"
36-->src/main/AndroidManifest.xml:16:13-163
37            android:exported="true"
37-->src/main/AndroidManifest.xml:13:13-36
38            android:hardwareAccelerated="true"
38-->src/main/AndroidManifest.xml:17:13-47
39            android:launchMode="singleTop"
39-->src/main/AndroidManifest.xml:14:13-43
40            android:theme="@style/LaunchTheme"
40-->src/main/AndroidManifest.xml:15:13-47
41            android:windowSoftInputMode="adjustResize" >
41-->src/main/AndroidManifest.xml:18:13-55
42
43            <!--
44                 Specifies an Android theme to apply to this Activity as soon as
45                 the Android process has started. This theme is visible to the user
46                 while the Flutter UI initializes. After that, this theme continues
47                 to determine the Window background behind the Flutter UI.
48            -->
49            <meta-data
49-->src/main/AndroidManifest.xml:23:13-26:17
50                android:name="io.flutter.embedding.android.NormalTheme"
50-->src/main/AndroidManifest.xml:24:15-70
51                android:resource="@style/NormalTheme" />
51-->src/main/AndroidManifest.xml:25:15-52
52
53            <intent-filter>
53-->src/main/AndroidManifest.xml:27:13-30:29
54                <action android:name="android.intent.action.MAIN" />
54-->src/main/AndroidManifest.xml:28:17-68
54-->src/main/AndroidManifest.xml:28:25-66
55
56                <category android:name="android.intent.category.LAUNCHER" />
56-->src/main/AndroidManifest.xml:29:17-76
56-->src/main/AndroidManifest.xml:29:27-74
57            </intent-filter>
58        </activity>
59        <!--
60             Don't delete the meta-data below.
61             This is used by the Flutter tool to generate GeneratedPluginRegistrant.java
62        -->
63        <meta-data
63-->src/main/AndroidManifest.xml:34:9-36:33
64            android:name="flutterEmbedding"
64-->src/main/AndroidManifest.xml:35:13-44
65            android:value="2" />
65-->src/main/AndroidManifest.xml:36:13-30
66
67        <uses-library
67-->[androidx.window:window:1.0.0-beta04] AndroidManifest.xml:25:9-27:40
68            android:name="androidx.window.extensions"
68-->[androidx.window:window:1.0.0-beta04] AndroidManifest.xml:26:13-54
69            android:required="false" />
69-->[androidx.window:window:1.0.0-beta04] AndroidManifest.xml:27:13-37
70        <uses-library
70-->[androidx.window:window:1.0.0-beta04] AndroidManifest.xml:28:9-30:40
71            android:name="androidx.window.sidecar"
71-->[androidx.window:window:1.0.0-beta04] AndroidManifest.xml:29:13-51
72            android:required="false" />
72-->[androidx.window:window:1.0.0-beta04] AndroidManifest.xml:30:13-37
73    </application>
74
75</manifest>